startkde: Starting up...
2018-02-12T08:47:18 Checking update-file '/usr/share/kconf_update/akonadiconsole.upd' for new updates
2018-02-12T08:47:18 Checking update-file '/usr/share/kconf_update/akregator.upd' for new updates
2018-02-12T08:47:18 Checking update-file '/usr/share/kconf_update/disable_kmix.upd' for new updates
2018-02-12T08:47:18 Checking update-file '/usr/share/kconf_update/fonts_akregator.upd' for new updates
2018-02-12T08:47:18 Checking update-file '/usr/share/kconf_update/fonts_global.upd' for new updates
2018-02-12T08:47:18 Checking update-file '/usr/share/kconf_update/fonts_global_toolbar.upd' for new updates
2018-02-12T08:47:18 Checking update-file '/usr/share/kconf_update/fonts_kate.upd' for new updates
2018-02-12T08:47:18 Checking update-file '/usr/share/kconf_update/gtkbreeze5.5.upd' for new updates
2018-02-12T08:47:18 Checking update-file '/usr/share/kconf_update/importwizard.upd' for new updates
2018-02-12T08:47:18 Checking update-file '/usr/share/kconf_update/kaddressbook.upd' for new updates
2018-02-12T08:47:18 Checking update-file '/usr/share/kconf_update/kalarm.upd' for new updates
2018-02-12T08:47:18 Checking update-file '/usr/share/kconf_update/katomic-levelset.upd' for new updates
2018-02-12T08:47:18 Checking update-file '/usr/share/kconf_update/kcalcrc.upd' for new updates
2018-02-12T08:47:18 Checking update-file '/usr/share/kconf_update/kde4breeze.upd' for new updates
2018-02-12T08:47:18 Checking update-file '/usr/share/kconf_update/kget.upd' for new updates
2018-02-12T08:47:18 Checking update-file '/usr/share/kconf_update/kgthemeprovider-migration.upd' for new updates
2018-02-12T08:47:18 Checking update-file '/usr/share/kconf_update/kleopatra.upd' for new updates
2018-02-12T08:47:18 Checking update-file '/usr/share/kconf_update/klickety.upd' for new updates
2018-02-12T08:47:18 Checking update-file '/usr/share/kconf_update/kmail.upd' for new updates
2018-02-12T08:47:18 Checking update-file '/usr/share/kconf_update/kmail2.upd' for new updates
2018-02-12T08:47:18 Checking update-file '/usr/share/kconf_update/knavalbattle.upd' for new updates
2018-02-12T08:47:18 Checking update-file '/usr/share/kconf_update/knotes.upd' for new updates
2018-02-12T08:47:18 Checking update-file '/usr/share/kconf_update/kontact.upd' for new updates
2018-02-12T08:47:18 Checking update-file '/usr/share/kconf_update/korganizer.upd' for new updates
2018-02-12T08:47:18 Checking update-file '/usr/share/kconf_update/krdb_libpathwipe.upd' for new updates
2018-02-12T08:47:18 Checking update-file '/usr/share/kconf_update/krunnerplugins.upd' for new updates
2018-02-12T08:47:18 Checking update-file '/usr/share/kconf_update/kscreenlocker.upd' for new updates
2018-02-12T08:47:18 Checking update-file '/usr/share/kconf_update/messageviewer.upd' for new updates
2018-02-12T08:47:18 Checking update-file '/usr/share/kconf_update/okular.upd' for new updates
2018-02-12T08:47:18 Checking update-file '/usr/share/kconf_update/pimsettingexporter.upd' for new updates
2018-02-12T08:47:18 Checking update-file '/usr/share/kconf_update/powerdevil_move_shortcuts.upd' for new updates
2018-02-12T08:47:18 Checking update-file '/usr/share/kconf_update/sieveeditor.upd' for new updates
2018-02-12T08:47:18 Checking update-file '/usr/share/kconf_update/webengineurlinterceptoradblock.upd' for new updates
OpenGL vendor string:                   Intel Open Source Technology Center
OpenGL renderer string:                 Mesa DRI Intel(R) HD Graphics 515 (Skylake GT2) 
OpenGL version string:                  3.0 Mesa 17.3.3
OpenGL shading language version string: 1.30
Driver:                                 Intel
GPU class:                              Unknown
OpenGL version:                         3.0
GLSL version:                           1.30
Mesa version:                           17.3.3
X server version:                       1.19.6
Linux kernel version:                   4.12
Requires strict binding:                yes
GLSL shaders:                           yes
Texture NPOT support:                   yes
Virtual Machine:                        no
Could not open latte-dock using a library: Cannot load library libkdeinit5_latte-dock: (libkdeinit5_latte-dock: cannot open shared object file: No such file or directory)
[2292:2292:0212/084801.164480:ERROR:background_mode_manager_aura.cc(13)] Not implemented reached in virtual void BackgroundModeManager::EnableLaunchOnStartup(bool)
[2292:2292:0212/084802.297680:ERROR:display_info_provider_aura.cc(31)] Not implemented reached in virtual void extensions::DisplayInfoProviderAura::UpdateDisplayUnitInfoForPlatform(const display::Display &, extensions::api::system_display::DisplayUnitInfo *)
[2292:2343:0212/084802.360854:ERROR:service_manager.cc(157)] Connection InterfaceProviderSpec prevented service: content_browser from binding interface: content::mojom::Child exposed by: nacl_loader
[2292:2343:0212/084802.420002:ERROR:service_manager.cc(157)] Connection InterfaceProviderSpec prevented service: content_browser from binding interface: content::mojom::ChildHistogramFetcherFactory exposed by: nacl_loader
[1,2793474112:15:48:02.422171] Native Client module will be loaded at base address 0x000067a800000000
[2292:2412:0212/084802.433476:ERROR:device_id_linux.cc(87)] Could not find appropriate disk uuid.
[2292:2412:0212/084802.433527:ERROR:device_id_linux.cc(90)]   DeviceID=mmcblk0p1, uuid=9ec79180-8659-4d47-b39a-5e843f2e3129
[2292:2412:0212/084802.433539:ERROR:device_id_linux.cc(90)]   DeviceID=mmcblk0p2, uuid=1193835f-dbcd-4943-a40c-8c50a13569c0
[2292:2412:0212/084802.433546:ERROR:device_id_linux.cc(90)]   DeviceID=mmcblk1p1, uuid=2018-02-01-17-58-24-00
[2292:2412:0212/084802.433554:ERROR:device_id_linux.cc(90)]   DeviceID=mmcblk1p2, uuid=5132-70A1
[1:16:0212/084803.107725:ERROR:adm_helpers.cc(62)] Failed to query stereo recording.
[2292:2343:0212/084805.037585:ERROR:service_manager_context.cc(201)] Attempting to run unsupported native service: /opt/google/chrome/content_utility.service
[2292:2343:0212/085509.592064:ERROR:connection_factory_impl.cc(381)] Failed to connect to MCS endpoint with error -106
